TN:
SF:./scripts/slideshowelement.js
FN:9,slideShowElement
FN:23,(anonymous_2)
FN:34,(anonymous_3)
FN:42,(anonymous_4)
FN:50,(anonymous_5)
FN:59,(anonymous_6)
FN:70,(anonymous_7)
FN:80,(anonymous_8)
FNF:8
FNH:8
FNDA:17,slideShowElement
FNDA:4,(anonymous_2)
FNDA:2,(anonymous_3)
FNDA:2,(anonymous_4)
FNDA:2,(anonymous_5)
FNDA:2,(anonymous_6)
FNDA:2,(anonymous_7)
FNDA:3,(anonymous_8)
DA:9,1
DA:10,17
DA:11,17
DA:12,17
DA:13,17
DA:14,17
DA:15,17
DA:16,17
DA:17,17
DA:19,17
DA:23,1
DA:24,4
DA:25,4
DA:26,4
DA:27,4
DA:30,4
DA:34,1
DA:35,2
DA:36,2
DA:38,2
DA:42,1
DA:43,2
DA:44,2
DA:46,2
DA:50,1
DA:51,2
DA:52,2
DA:55,2
DA:59,1
DA:60,2
DA:61,2
DA:62,2
DA:63,2
DA:64,2
DA:67,2
DA:70,1
DA:71,2
DA:72,2
DA:73,2
DA:76,2
DA:80,1
DA:81,3
DA:82,3
DA:83,3
DA:85,3
LF:45
LH:45
BRDA:13,1,0,17
BRDA:13,1,1,3
BRDA:14,2,0,17
BRDA:14,2,1,3
BRDA:15,3,0,17
BRDA:15,3,1,3
BRDA:16,4,0,17
BRDA:16,4,1,3
BRDA:17,5,0,17
BRDA:17,5,1,3
BRDA:61,6,0,2
BRDA:61,6,1,0
BRDA:62,7,0,2
BRDA:62,7,1,0
BRDA:63,8,0,2
BRDA:63,8,1,0
BRDA:82,9,0,3
BRDA:82,9,1,0
BRF:18
BRH:14
end_of_record
TN:
SF:./scripts/inserteditremove.js
FN:11,(anonymous_1)
FN:35,(anonymous_2)
FN:38,(anonymous_3)
FN:41,(anonymous_4)
FN:44,(anonymous_5)
FN:95,(anonymous_6)
FN:98,(anonymous_7)
FN:101,(anonymous_8)
FN:104,(anonymous_9)
FN:107,(anonymous_10)
FN:110,(anonymous_11)
FN:113,(anonymous_12)
FN:117,(anonymous_13)
FN:121,(anonymous_14)
FN:125,(anonymous_15)
FN:129,(anonymous_16)
FN:133,(anonymous_17)
FN:137,(anonymous_18)
FN:141,(anonymous_19)
FN:148,(anonymous_20)
FN:159,(anonymous_21)
FN:170,(anonymous_22)
FN:181,(anonymous_23)
FN:192,(anonymous_24)
FN:203,(anonymous_25)
FN:214,(anonymous_26)
FN:230,(anonymous_27)
FN:244,(anonymous_28)
FN:261,(anonymous_29)
FN:277,(anonymous_30)
FN:292,(anonymous_31)
FN:305,(anonymous_32)
FN:318,(anonymous_33)
FN:331,(anonymous_34)
FN:337,(anonymous_35)
FN:351,(anonymous_36)
FN:367,(anonymous_37)
FN:381,(anonymous_38)
FN:398,(anonymous_39)
FNF:39
FNH:22
FNDA:2,(anonymous_1)
FNDA:1,(anonymous_2)
FNDA:9,(anonymous_3)
FNDA:0,(anonymous_4)
FNDA:0,(anonymous_5)
FNDA:0,(anonymous_6)
FNDA:0,(anonymous_7)
FNDA:0,(anonymous_8)
FNDA:0,(anonymous_9)
FNDA:0,(anonymous_10)
FNDA:0,(anonymous_11)
FNDA:0,(anonymous_12)
FNDA:2,(anonymous_13)
FNDA:1,(anonymous_14)
FNDA:1,(anonymous_15)
FNDA:1,(anonymous_16)
FNDA:1,(anonymous_17)
FNDA:1,(anonymous_18)
FNDA:2,(anonymous_19)
FNDA:1,(anonymous_20)
FNDA:1,(anonymous_21)
FNDA:1,(anonymous_22)
FNDA:1,(anonymous_23)
FNDA:1,(anonymous_24)
FNDA:1,(anonymous_25)
FNDA:7,(anonymous_26)
FNDA:7,(anonymous_27)
FNDA:7,(anonymous_28)
FNDA:1,(anonymous_29)
FNDA:3,(anonymous_30)
FNDA:1,(anonymous_31)
FNDA:0,(anonymous_32)
FNDA:0,(anonymous_33)
FNDA:0,(anonymous_34)
FNDA:0,(anonymous_35)
FNDA:0,(anonymous_36)
FNDA:0,(anonymous_37)
FNDA:0,(anonymous_38)
FNDA:0,(anonymous_39)
DA:9,1
DA:10,1
DA:11,1
DA:12,2
DA:13,1
DA:14,1
DA:16,1
DA:17,1
DA:18,1
DA:19,1
DA:20,1
DA:21,1
DA:22,1
DA:23,1
DA:24,1
DA:25,1
DA:26,1
DA:27,1
DA:28,1
DA:29,1
DA:30,1
DA:31,1
DA:32,1
DA:33,1
DA:35,1
DA:36,1
DA:38,1
DA:39,9
DA:41,1
DA:42,0
DA:44,1
DA:45,0
DA:46,0
DA:47,0
DA:48,0
DA:49,0
DA:50,0
DA:53,0
DA:54,0
DA:55,0
DA:56,0
DA:57,0
DA:60,0
DA:61,0
DA:62,0
DA:63,0
DA:67,0
DA:68,0
DA:69,0
DA:70,0
DA:74,0
DA:75,0
DA:76,0
DA:77,0
DA:81,0
DA:82,0
DA:83,0
DA:84,0
DA:88,0
DA:89,0
DA:91,0
DA:92,0
DA:95,1
DA:96,0
DA:98,1
DA:99,0
DA:101,1
DA:102,0
DA:104,1
DA:105,0
DA:107,1
DA:108,0
DA:110,1
DA:111,0
DA:113,1
DA:114,0
DA:117,1
DA:118,2
DA:119,2
DA:121,1
DA:122,1
DA:123,1
DA:125,1
DA:126,1
DA:127,1
DA:129,1
DA:130,1
DA:131,1
DA:133,1
DA:134,1
DA:135,1
DA:137,1
DA:138,1
DA:139,1
DA:141,1
DA:142,2
DA:143,2
DA:144,2
DA:145,2
DA:148,1
DA:149,1
DA:150,1
DA:151,1
DA:152,1
DA:153,1
DA:154,1
DA:157,1
DA:159,1
DA:160,1
DA:161,1
DA:162,1
DA:163,1
DA:164,1
DA:165,1
DA:168,1
DA:170,1
DA:171,1
DA:172,1
DA:173,1
DA:174,1
DA:175,1
DA:176,1
DA:179,1
DA:181,1
DA:182,1
DA:183,1
DA:184,1
DA:185,1
DA:186,1
DA:187,1
DA:190,1
DA:192,1
DA:193,1
DA:194,1
DA:195,1
DA:196,1
DA:197,1
DA:198,1
DA:201,1
DA:203,1
DA:204,1
DA:205,1
DA:206,1
DA:207,1
DA:208,1
DA:209,1
DA:212,1
DA:214,1
DA:215,7
DA:216,7
DA:217,7
DA:219,7
DA:220,8
DA:221,7
DA:222,7
DA:223,7
DA:224,7
DA:225,7
DA:228,7
DA:230,1
DA:231,7
DA:232,7
DA:233,7
DA:234,7
DA:235,8
DA:236,7
DA:237,7
DA:239,7
DA:242,7
DA:244,1
DA:245,7
DA:246,7
DA:247,7
DA:249,7
DA:250,8
DA:251,7
DA:252,7
DA:253,7
DA:254,7
DA:255,7
DA:258,7
DA:261,1
DA:262,1
DA:263,1
DA:265,1
DA:266,1
DA:267,1
DA:268,1
DA:269,1
DA:270,1
DA:271,1
DA:274,1
DA:277,1
DA:278,3
DA:279,3
DA:280,3
DA:281,3
DA:282,4
DA:283,3
DA:284,3
DA:286,3
DA:289,3
DA:292,1
DA:293,1
DA:294,1
DA:295,1
DA:296,1
DA:297,1
DA:298,1
DA:299,1
DA:302,1
DA:305,1
DA:306,0
DA:307,0
DA:308,0
DA:309,0
DA:310,0
DA:311,0
DA:312,0
DA:315,0
DA:318,1
DA:319,0
DA:320,0
DA:321,0
DA:322,0
DA:323,0
DA:324,0
DA:325,0
DA:328,0
DA:331,1
DA:332,0
DA:333,0
DA:334,0
DA:337,1
DA:338,0
DA:339,0
DA:340,0
DA:341,0
DA:342,0
DA:343,0
DA:344,0
DA:345,0
DA:348,0
DA:351,1
DA:352,0
DA:353,0
DA:354,0
DA:355,0
DA:358,0
DA:360,0
DA:361,0
DA:362,0
DA:363,0
DA:367,1
DA:368,0
DA:369,0
DA:370,0
DA:371,0
DA:372,0
DA:373,0
DA:374,0
DA:377,0
DA:378,0
DA:381,1
DA:382,0
DA:383,0
DA:384,0
DA:385,0
DA:386,0
DA:387,0
DA:388,0
DA:389,0
DA:390,0
DA:393,0
DA:394,0
DA:395,0
DA:398,1
DA:399,0
DA:400,0
DA:401,0
DA:402,0
DA:403,0
DA:404,0
DA:405,0
DA:406,0
DA:407,0
DA:410,0
DA:411,0
DA:412,0
DA:413,0
DA:414,0
DA:417,0
DA:418,0
DA:419,0
DA:420,0
DA:421,0
DA:422,0
DA:425,1
DA:426,1
DA:428,2
LF:300
LH:183
BRDA:12,1,0,1
BRDA:12,1,1,1
BRDA:47,2,0,0
BRDA:47,2,1,0
BRDA:48,3,0,0
BRDA:48,3,1,0
BRDA:53,4,0,0
BRDA:53,4,1,0
BRDA:54,5,0,0
BRDA:54,5,1,0
BRDA:60,6,0,0
BRDA:60,6,1,0
BRDA:61,7,0,0
BRDA:61,7,1,0
BRDA:67,8,0,0
BRDA:67,8,1,0
BRDA:68,9,0,0
BRDA:68,9,1,0
BRDA:74,10,0,0
BRDA:74,10,1,0
BRDA:75,11,0,0
BRDA:75,11,1,0
BRDA:81,12,0,0
BRDA:81,12,1,0
BRDA:82,13,0,0
BRDA:82,13,1,0
BRDA:88,14,0,0
BRDA:88,14,1,0
BRDA:88,15,0,0
BRDA:88,15,1,0
BRDA:151,16,0,2
BRDA:151,16,1,1
BRDA:152,17,0,1
BRDA:152,17,1,0
BRDA:162,18,0,2
BRDA:162,18,1,1
BRDA:163,19,0,1
BRDA:163,19,1,0
BRDA:173,20,0,2
BRDA:173,20,1,1
BRDA:174,21,0,1
BRDA:174,21,1,0
BRDA:184,22,0,2
BRDA:184,22,1,1
BRDA:185,23,0,1
BRDA:185,23,1,0
BRDA:195,24,0,2
BRDA:195,24,1,1
BRDA:196,25,0,1
BRDA:196,25,1,0
BRDA:206,26,0,2
BRDA:206,26,1,1
BRDA:207,27,0,1
BRDA:207,27,1,0
BRDA:219,28,0,15
BRDA:219,28,1,9
BRDA:220,29,0,7
BRDA:220,29,1,1
BRDA:234,30,0,15
BRDA:234,30,1,9
BRDA:235,31,0,7
BRDA:235,31,1,1
BRDA:249,32,0,15
BRDA:249,32,1,9
BRDA:250,33,0,7
BRDA:250,33,1,1
BRDA:265,34,0,2
BRDA:265,34,1,1
BRDA:266,35,0,1
BRDA:266,35,1,0
BRDA:281,36,0,7
BRDA:281,36,1,5
BRDA:282,37,0,3
BRDA:282,37,1,1
BRDA:295,38,0,2
BRDA:295,38,1,1
BRDA:296,39,0,1
BRDA:296,39,1,0
BRDA:308,40,0,0
BRDA:308,40,1,0
BRDA:309,41,0,0
BRDA:309,41,1,0
BRDA:321,42,0,0
BRDA:321,42,1,0
BRDA:322,43,0,0
BRDA:322,43,1,0
BRDA:332,44,0,0
BRDA:332,44,1,0
BRDA:340,45,0,0
BRDA:340,45,1,0
BRDA:341,46,0,0
BRDA:341,46,1,0
BRDA:354,47,0,0
BRDA:354,47,1,0
BRDA:370,48,0,0
BRDA:370,48,1,0
BRDA:371,49,0,0
BRDA:371,49,1,0
BRDA:387,50,0,0
BRDA:387,50,1,0
BRDA:388,51,0,0
BRDA:388,51,1,0
BRDA:393,52,0,0
BRDA:393,52,1,0
BRDA:404,53,0,0
BRDA:404,53,1,0
BRDA:405,54,0,0
BRDA:405,54,1,0
BRDA:411,55,0,0
BRDA:411,55,1,0
BRDA:412,56,0,0
BRDA:412,56,1,0
BRF:112
BRH:42
end_of_record
TN:
SF:./scripts/command.js
FN:9,(anonymous_1)
FN:15,(anonymous_2)
FN:20,(anonymous_3)
FN:25,(anonymous_4)
FN:32,(anonymous_5)
FN:39,(anonymous_6)
FN:53,(anonymous_7)
FN:59,(anonymous_8)
FN:63,(anonymous_9)
FN:66,(anonymous_10)
FN:69,(anonymous_11)
FN:72,(anonymous_12)
FN:76,(anonymous_13)
FN:80,(anonymous_14)
FN:83,(anonymous_15)
FN:92,(anonymous_16)
FN:95,(anonymous_17)
FN:104,(anonymous_18)
FN:111,(anonymous_19)
FN:114,(anonymous_20)
FN:123,(anonymous_21)
FN:130,(anonymous_22)
FN:133,(anonymous_23)
FN:142,(anonymous_24)
FN:149,(anonymous_25)
FN:152,(anonymous_26)
FN:161,(anonymous_27)
FN:168,(anonymous_28)
FN:171,(anonymous_29)
FN:180,(anonymous_30)
FN:187,(anonymous_31)
FN:190,(anonymous_32)
FN:199,(anonymous_33)
FN:206,(anonymous_34)
FN:210,(anonymous_35)
FN:219,(anonymous_36)
FN:228,(anonymous_37)
FN:231,(anonymous_38)
FN:240,(anonymous_39)
FN:247,(anonymous_40)
FN:250,(anonymous_41)
FN:259,(anonymous_42)
FN:266,(anonymous_43)
FN:269,(anonymous_44)
FN:278,(anonymous_45)
FN:285,(anonymous_46)
FN:288,(anonymous_47)
FN:297,(anonymous_48)
FN:304,(anonymous_49)
FN:307,(anonymous_50)
FN:316,(anonymous_51)
FN:323,(anonymous_52)
FN:326,(anonymous_53)
FN:335,(anonymous_54)
FN:343,(anonymous_55)
FN:347,(anonymous_56)
FN:359,(anonymous_57)
FN:366,(anonymous_58)
FN:370,(anonymous_59)
FN:381,(anonymous_60)
FN:388,(anonymous_61)
FN:392,(anonymous_62)
FN:403,(anonymous_63)
FN:410,(anonymous_64)
FN:414,(anonymous_65)
FN:425,(anonymous_66)
FN:432,(anonymous_67)
FN:436,(anonymous_68)
FN:447,(anonymous_69)
FN:454,(anonymous_70)
FN:458,(anonymous_71)
FN:469,(anonymous_72)
FN:476,(anonymous_73)
FN:480,(anonymous_74)
FN:491,(anonymous_75)
FN:499,(anonymous_76)
FN:502,(anonymous_77)
FN:511,(anonymous_78)
FN:518,(anonymous_79)
FN:521,(anonymous_80)
FN:530,(anonymous_81)
FN:537,(anonymous_82)
FN:540,(anonymous_83)
FN:549,(anonymous_84)
FN:556,(anonymous_85)
FN:559,(anonymous_86)
FN:568,(anonymous_87)
FN:575,(anonymous_88)
FN:578,(anonymous_89)
FN:587,(anonymous_90)
FN:594,(anonymous_91)
FN:597,(anonymous_92)
FN:606,(anonymous_93)
FNF:93
FNH:1
FNDA:1,(anonymous_1)
FNDA:0,(anonymous_2)
FNDA:0,(anonymous_3)
FNDA:0,(anonymous_4)
FNDA:0,(anonymous_5)
FNDA:0,(anonymous_6)
FNDA:0,(anonymous_7)
FNDA:0,(anonymous_8)
FNDA:0,(anonymous_9)
FNDA:0,(anonymous_10)
FNDA:0,(anonymous_11)
FNDA:0,(anonymous_12)
FNDA:0,(anonymous_13)
FNDA:0,(anonymous_14)
FNDA:0,(anonymous_15)
FNDA:0,(anonymous_16)
FNDA:0,(anonymous_17)
FNDA:0,(anonymous_18)
FNDA:0,(anonymous_19)
FNDA:0,(anonymous_20)
FNDA:0,(anonymous_21)
FNDA:0,(anonymous_22)
FNDA:0,(anonymous_23)
FNDA:0,(anonymous_24)
FNDA:0,(anonymous_25)
FNDA:0,(anonymous_26)
FNDA:0,(anonymous_27)
FNDA:0,(anonymous_28)
FNDA:0,(anonymous_29)
FNDA:0,(anonymous_30)
FNDA:0,(anonymous_31)
FNDA:0,(anonymous_32)
FNDA:0,(anonymous_33)
FNDA:0,(anonymous_34)
FNDA:0,(anonymous_35)
FNDA:0,(anonymous_36)
FNDA:0,(anonymous_37)
FNDA:0,(anonymous_38)
FNDA:0,(anonymous_39)
FNDA:0,(anonymous_40)
FNDA:0,(anonymous_41)
FNDA:0,(anonymous_42)
FNDA:0,(anonymous_43)
FNDA:0,(anonymous_44)
FNDA:0,(anonymous_45)
FNDA:0,(anonymous_46)
FNDA:0,(anonymous_47)
FNDA:0,(anonymous_48)
FNDA:0,(anonymous_49)
FNDA:0,(anonymous_50)
FNDA:0,(anonymous_51)
FNDA:0,(anonymous_52)
FNDA:0,(anonymous_53)
FNDA:0,(anonymous_54)
FNDA:0,(anonymous_55)
FNDA:0,(anonymous_56)
FNDA:0,(anonymous_57)
FNDA:0,(anonymous_58)
FNDA:0,(anonymous_59)
FNDA:0,(anonymous_60)
FNDA:0,(anonymous_61)
FNDA:0,(anonymous_62)
FNDA:0,(anonymous_63)
FNDA:0,(anonymous_64)
FNDA:0,(anonymous_65)
FNDA:0,(anonymous_66)
FNDA:0,(anonymous_67)
FNDA:0,(anonymous_68)
FNDA:0,(anonymous_69)
FNDA:0,(anonymous_70)
FNDA:0,(anonymous_71)
FNDA:0,(anonymous_72)
FNDA:0,(anonymous_73)
FNDA:0,(anonymous_74)
FNDA:0,(anonymous_75)
FNDA:0,(anonymous_76)
FNDA:0,(anonymous_77)
FNDA:0,(anonymous_78)
FNDA:0,(anonymous_79)
FNDA:0,(anonymous_80)
FNDA:0,(anonymous_81)
FNDA:0,(anonymous_82)
FNDA:0,(anonymous_83)
FNDA:0,(anonymous_84)
FNDA:0,(anonymous_85)
FNDA:0,(anonymous_86)
FNDA:0,(anonymous_87)
FNDA:0,(anonymous_88)
FNDA:0,(anonymous_89)
FNDA:0,(anonymous_90)
FNDA:0,(anonymous_91)
FNDA:0,(anonymous_92)
FNDA:0,(anonymous_93)
DA:7,1
DA:8,1
DA:9,1
DA:10,1
DA:11,1
DA:12,1
DA:13,1
DA:14,1
DA:15,1
DA:16,0
DA:17,0
DA:18,0
DA:20,1
DA:21,0
DA:22,0
DA:23,0
DA:25,1
DA:26,0
DA:27,0
DA:28,0
DA:29,0
DA:32,1
DA:33,0
DA:34,0
DA:35,0
DA:37,0
DA:39,1
DA:40,0
DA:41,0
DA:42,0
DA:44,0
DA:47,1
DA:48,1
DA:50,1
DA:53,1
DA:54,0
DA:55,0
DA:56,0
DA:57,0
DA:58,0
DA:59,0
DA:60,0
DA:63,0
DA:64,0
DA:66,0
DA:67,0
DA:69,0
DA:70,0
DA:72,0
DA:73,0
DA:74,0
DA:76,0
DA:77,0
DA:78,0
DA:80,0
DA:81,0
DA:83,0
DA:84,0
DA:85,0
DA:88,0
DA:92,1
DA:93,0
DA:94,0
DA:95,0
DA:96,0
DA:97,0
DA:98,0
DA:104,0
DA:105,0
DA:108,0
DA:111,1
DA:112,0
DA:113,0
DA:114,0
DA:115,0
DA:116,0
DA:117,0
DA:123,0
DA:124,0
DA:127,0
DA:130,1
DA:131,0
DA:132,0
DA:133,0
DA:134,0
DA:135,0
DA:136,0
DA:142,0
DA:143,0
DA:146,0
DA:149,1
DA:150,0
DA:151,0
DA:152,0
DA:153,0
DA:154,0
DA:155,0
DA:161,0
DA:162,0
DA:165,0
DA:168,1
DA:169,0
DA:170,0
DA:171,0
DA:172,0
DA:173,0
DA:174,0
DA:180,0
DA:181,0
DA:184,0
DA:187,1
DA:188,0
DA:189,0
DA:190,0
DA:191,0
DA:192,0
DA:193,0
DA:199,0
DA:200,0
DA:203,0
DA:206,1
DA:207,0
DA:208,0
DA:209,0
DA:210,0
DA:211,0
DA:212,0
DA:213,0
DA:219,0
DA:220,0
DA:224,0
DA:228,1
DA:229,0
DA:230,0
DA:231,0
DA:232,0
DA:233,0
DA:234,0
DA:240,0
DA:241,0
DA:244,0
DA:247,1
DA:248,0
DA:249,0
DA:250,0
DA:251,0
DA:252,0
DA:253,0
DA:259,0
DA:260,0
DA:263,0
DA:266,1
DA:267,0
DA:268,0
DA:269,0
DA:270,0
DA:271,0
DA:272,0
DA:278,0
DA:279,0
DA:282,0
DA:285,1
DA:286,0
DA:287,0
DA:288,0
DA:289,0
DA:290,0
DA:291,0
DA:297,0
DA:298,0
DA:301,0
DA:304,1
DA:305,0
DA:306,0
DA:307,0
DA:308,0
DA:309,0
DA:310,0
DA:316,0
DA:317,0
DA:320,0
DA:323,1
DA:324,0
DA:325,0
DA:326,0
DA:327,0
DA:328,0
DA:329,0
DA:335,0
DA:336,0
DA:339,0
DA:343,1
DA:344,0
DA:345,0
DA:346,0
DA:347,0
DA:348,0
DA:349,0
DA:350,0
DA:352,0
DA:353,0
DA:359,0
DA:360,0
DA:363,0
DA:366,1
DA:367,0
DA:368,0
DA:369,0
DA:370,0
DA:371,0
DA:372,0
DA:373,0
DA:374,0
DA:375,0
DA:381,0
DA:382,0
DA:385,0
DA:388,1
DA:389,0
DA:390,0
DA:391,0
DA:392,0
DA:393,0
DA:394,0
DA:395,0
DA:396,0
DA:397,0
DA:403,0
DA:404,0
DA:407,0
DA:410,1
DA:411,0
DA:412,0
DA:413,0
DA:414,0
DA:415,0
DA:416,0
DA:417,0
DA:418,0
DA:419,0
DA:425,0
DA:426,0
DA:429,0
DA:432,1
DA:433,0
DA:434,0
DA:435,0
DA:436,0
DA:437,0
DA:438,0
DA:439,0
DA:440,0
DA:441,0
DA:447,0
DA:448,0
DA:451,0
DA:454,1
DA:455,0
DA:456,0
DA:457,0
DA:458,0
DA:459,0
DA:460,0
DA:461,0
DA:462,0
DA:463,0
DA:469,0
DA:470,0
DA:473,0
DA:476,1
DA:477,0
DA:478,0
DA:479,0
DA:480,0
DA:481,0
DA:482,0
DA:483,0
DA:484,0
DA:485,0
DA:491,0
DA:492,0
DA:495,0
DA:499,1
DA:500,0
DA:501,0
DA:502,0
DA:503,0
DA:504,0
DA:505,0
DA:511,0
DA:512,0
DA:515,0
DA:518,1
DA:519,0
DA:520,0
DA:521,0
DA:522,0
DA:523,0
DA:524,0
DA:530,0
DA:531,0
DA:534,0
DA:537,1
DA:538,0
DA:540,0
DA:541,0
DA:542,0
DA:543,0
DA:549,0
DA:550,0
DA:553,0
DA:556,1
DA:557,0
DA:558,0
DA:559,0
DA:560,0
DA:561,0
DA:562,0
DA:568,0
DA:569,0
DA:572,0
DA:575,1
DA:576,0
DA:577,0
DA:578,0
DA:579,0
DA:580,0
DA:581,0
DA:587,0
DA:588,0
DA:591,0
DA:594,1
DA:595,0
DA:596,0
DA:597,0
DA:598,0
DA:599,0
DA:600,0
DA:606,0
DA:607,0
DA:610,0
LF:341
LH:43
BRDA:10,1,0,1
BRDA:10,1,1,0
BRDA:26,2,0,0
BRDA:26,2,1,0
BRDA:34,3,0,0
BRDA:34,3,1,0
BRDA:41,4,0,0
BRDA:41,4,1,0
BRDA:97,5,0,0
BRDA:97,5,1,0
BRDA:116,6,0,0
BRDA:116,6,1,0
BRDA:135,7,0,0
BRDA:135,7,1,0
BRDA:154,8,0,0
BRDA:154,8,1,0
BRDA:173,9,0,0
BRDA:173,9,1,0
BRDA:192,10,0,0
BRDA:192,10,1,0
BRDA:212,11,0,0
BRDA:212,11,1,0
BRDA:233,12,0,0
BRDA:233,12,1,0
BRDA:252,13,0,0
BRDA:252,13,1,0
BRDA:271,14,0,0
BRDA:271,14,1,0
BRDA:290,15,0,0
BRDA:290,15,1,0
BRDA:309,16,0,0
BRDA:309,16,1,0
BRDA:328,17,0,0
BRDA:328,17,1,0
BRDA:352,18,0,0
BRDA:352,18,1,0
BRDA:374,19,0,0
BRDA:374,19,1,0
BRDA:396,20,0,0
BRDA:396,20,1,0
BRDA:418,21,0,0
BRDA:418,21,1,0
BRDA:440,22,0,0
BRDA:440,22,1,0
BRDA:462,23,0,0
BRDA:462,23,1,0
BRDA:484,24,0,0
BRDA:484,24,1,0
BRDA:504,25,0,0
BRDA:504,25,1,0
BRDA:523,26,0,0
BRDA:523,26,1,0
BRDA:542,27,0,0
BRDA:542,27,1,0
BRDA:561,28,0,0
BRDA:561,28,1,0
BRDA:580,29,0,0
BRDA:580,29,1,0
BRDA:599,30,0,0
BRDA:599,30,1,0
BRF:60
BRH:1
end_of_record
TN:
SF:./scripts/app.js
FN:15,(anonymous_1)
FN:20,(anonymous_2)
FN:33,(anonymous_3)
FN:74,(anonymous_4)
FN:81,(anonymous_5)
FN:83,(anonymous_6)
FN:94,(anonymous_7)
FN:105,(anonymous_8)
FN:106,(anonymous_9)
FNF:9
FNH:4
FNDA:11,(anonymous_1)
FNDA:0,(anonymous_2)
FNDA:11,(anonymous_3)
FNDA:0,(anonymous_4)
FNDA:11,(anonymous_5)
FNDA:0,(anonymous_6)
FNDA:0,(anonymous_7)
FNDA:11,(anonymous_8)
FNDA:0,(anonymous_9)
DA:3,1
DA:15,1
DA:16,11
DA:20,11
DA:21,0
DA:22,0
DA:24,0
DA:26,0
DA:29,0
DA:33,1
DA:34,11
DA:75,0
DA:77,0
DA:80,11
DA:82,11
DA:84,0
DA:85,0
DA:86,0
DA:90,0
DA:92,0
DA:95,0
DA:96,0
DA:97,0
DA:98,0
DA:100,0
DA:105,11
DA:106,11
DA:107,0
DA:108,0
DA:113,11
DA:122,11
LF:31
LH:12
BRDA:21,1,0,0
BRDA:21,1,1,0
BRDA:26,2,0,0
BRDA:26,2,1,0
BRDA:84,3,0,0
BRDA:84,3,1,0
BRDA:85,4,0,0
BRDA:85,4,1,0
BRDA:96,5,0,0
BRDA:96,5,1,0
BRDA:96,6,0,0
BRDA:96,6,1,0
BRF:12
BRH:0
end_of_record
TN:
SF:./scripts/services.js
FN:6,(anonymous_1)
FN:22,(anonymous_2)
FN:31,(anonymous_3)
FN:47,(anonymous_4)
FN:60,(anonymous_5)
FN:64,(anonymous_6)
FN:97,(anonymous_7)
FN:108,(anonymous_8)
FN:112,(anonymous_9)
FN:127,(anonymous_10)
FN:136,(anonymous_11)
FN:142,(anonymous_12)
FN:155,(anonymous_13)
FN:165,(anonymous_14)
FN:177,(anonymous_15)
FN:198,(anonymous_16)
FN:201,(anonymous_17)
FN:204,(anonymous_18)
FN:207,(anonymous_19)
FN:217,(anonymous_20)
FN:219,urlBase64Decode
FN:231,getTokenExpirationDate
FN:243,isTokenExpired
FN:255,(anonymous_24)
FN:268,(anonymous_25)
FN:280,(anonymous_26)
FN:284,(anonymous_27)
FN:297,(anonymous_28)
FN:301,(anonymous_29)
FN:316,(anonymous_30)
FN:319,(anonymous_31)
FN:328,(anonymous_32)
FN:329,(anonymous_33)
FN:333,(anonymous_34)
FN:334,(anonymous_35)
FN:338,(anonymous_36)
FN:339,(anonymous_37)
FN:344,(anonymous_38)
FN:345,(anonymous_39)
FN:349,(anonymous_40)
FN:350,(anonymous_41)
FN:357,(anonymous_42)
FN:358,(anonymous_43)
FN:365,(anonymous_44)
FN:366,(anonymous_45)
FN:375,(anonymous_46)
FN:386,(anonymous_47)
FN:405,(anonymous_48)
FN:425,(anonymous_49)
FNF:49
FNH:14
FNDA:11,(anonymous_1)
FNDA:11,(anonymous_2)
FNDA:0,(anonymous_3)
FNDA:15,(anonymous_4)
FNDA:0,(anonymous_5)
FNDA:0,(anonymous_6)
FNDA:0,(anonymous_7)
FNDA:5,(anonymous_8)
FNDA:1,(anonymous_9)
FNDA:3,(anonymous_10)
FNDA:0,(anonymous_11)
FNDA:0,(anonymous_12)
FNDA:0,(anonymous_13)
FNDA:0,(anonymous_14)
FNDA:0,(anonymous_15)
FNDA:0,(anonymous_16)
FNDA:0,(anonymous_17)
FNDA:0,(anonymous_18)
FNDA:0,(anonymous_19)
FNDA:11,(anonymous_20)
FNDA:0,urlBase64Decode
FNDA:0,getTokenExpirationDate
FNDA:0,isTokenExpired
FNDA:0,(anonymous_24)
FNDA:0,(anonymous_25)
FNDA:37,(anonymous_26)
FNDA:42,(anonymous_27)
FNDA:12,(anonymous_28)
FNDA:0,(anonymous_29)
FNDA:11,(anonymous_30)
FNDA:4,(anonymous_31)
FNDA:0,(anonymous_32)
FNDA:0,(anonymous_33)
FNDA:4,(anonymous_34)
FNDA:0,(anonymous_35)
FNDA:0,(anonymous_36)
FNDA:0,(anonymous_37)
FNDA:0,(anonymous_38)
FNDA:0,(anonymous_39)
FNDA:0,(anonymous_40)
FNDA:0,(anonymous_41)
FNDA:0,(anonymous_42)
FNDA:0,(anonymous_43)
FNDA:0,(anonymous_44)
FNDA:0,(anonymous_45)
FNDA:11,(anonymous_46)
FNDA:0,(anonymous_47)
FNDA:0,(anonymous_48)
FNDA:0,(anonymous_49)
DA:3,1
DA:5,1
DA:7,11
DA:10,11
DA:12,11
DA:22,11
DA:23,11
DA:24,0
DA:25,0
DA:28,11
DA:29,11
DA:33,0
DA:35,0
DA:37,0
DA:38,0
DA:39,0
DA:42,0
DA:44,0
DA:50,15
DA:51,15
DA:53,0
DA:54,0
DA:55,0
DA:58,0
DA:61,0
DA:66,0
DA:67,0
DA:69,0
DA:70,0
DA:71,0
DA:72,0
DA:76,0
DA:77,0
DA:79,0
DA:80,0
DA:82,0
DA:83,0
DA:85,0
DA:88,0
DA:89,0
DA:90,0
DA:94,0
DA:99,0
DA:101,0
DA:102,0
DA:103,0
DA:106,0
DA:109,5
DA:114,1
DA:115,0
DA:118,1
DA:122,11
DA:126,1
DA:128,3
DA:129,3
DA:132,3
DA:133,3
DA:134,3
DA:136,3
DA:137,0
DA:138,0
DA:142,3
DA:143,0
DA:145,0
DA:146,0
DA:147,0
DA:148,0
DA:149,0
DA:150,0
DA:152,0
DA:155,3
DA:156,0
DA:157,0
DA:158,0
DA:159,0
DA:161,0
DA:165,3
DA:166,0
DA:167,0
DA:169,0
DA:170,0
DA:171,0
DA:172,0
DA:174,0
DA:176,3
DA:178,0
DA:179,0
DA:181,0
DA:182,0
DA:184,0
DA:185,0
DA:186,0
DA:187,0
DA:189,0
DA:190,0
DA:191,0
DA:192,0
DA:199,0
DA:202,0
DA:205,0
DA:208,0
DA:212,3
DA:216,1
DA:219,1
DA:220,0
DA:221,0
DA:222,0
DA:223,0
DA:224,0
DA:226,0
DA:229,0
DA:231,1
DA:232,0
DA:234,0
DA:235,0
DA:238,0
DA:239,0
DA:241,0
DA:243,1
DA:244,0
DA:245,0
DA:246,0
DA:247,0
DA:250,0
DA:253,11
DA:256,0
DA:258,0
DA:259,0
DA:262,0
DA:263,0
DA:264,0
DA:266,0
DA:269,0
DA:270,0
DA:272,0
DA:273,0
DA:274,0
DA:275,0
DA:277,0
DA:281,37
DA:285,42
DA:286,26
DA:287,16
DA:288,0
DA:289,16
DA:290,0
DA:291,16
DA:292,16
DA:293,0
DA:294,0
DA:295,0
DA:298,12
DA:302,0
DA:306,11
DA:315,1
DA:317,11
DA:319,11
DA:320,4
DA:328,11
DA:329,11
DA:331,11
DA:334,4
DA:335,4
DA:339,0
DA:340,0
DA:345,0
DA:346,0
DA:350,0
DA:351,0
DA:352,0
DA:354,0
DA:358,0
DA:359,0
DA:360,0
DA:362,0
DA:366,0
DA:367,0
DA:371,11
DA:374,1
DA:376,11
DA:379,11
DA:381,11
DA:383,11
DA:385,11
DA:387,0
DA:389,0
DA:390,0
DA:391,0
DA:393,0
DA:394,0
DA:397,0
DA:399,0
DA:400,0
DA:401,0
DA:403,0
DA:406,0
DA:408,0
DA:409,0
DA:410,0
DA:412,0
DA:413,0
DA:416,0
DA:418,0
DA:419,0
DA:420,0
DA:423,0
DA:426,0
DA:427,0
DA:428,0
DA:432,11
LF:210
LH:58
BRDA:23,1,0,0
BRDA:23,1,1,11
BRDA:23,2,0,11
BRDA:23,2,1,11
BRDA:24,3,0,0
BRDA:24,3,1,0
BRDA:35,4,0,0
BRDA:35,4,1,0
BRDA:37,5,0,0
BRDA:37,5,1,0
BRDA:50,6,0,15
BRDA:50,6,1,0
BRDA:53,7,0,0
BRDA:53,7,1,0
BRDA:69,8,0,0
BRDA:69,8,1,0
BRDA:71,9,0,0
BRDA:71,9,1,0
BRDA:76,10,0,0
BRDA:76,10,1,0
BRDA:79,11,0,0
BRDA:79,11,1,0
BRDA:79,12,0,0
BRDA:79,12,1,0
BRDA:82,13,0,0
BRDA:82,13,1,0
BRDA:88,14,0,0
BRDA:88,14,1,0
BRDA:101,15,0,0
BRDA:101,15,1,0
BRDA:114,16,0,0
BRDA:114,16,1,1
BRDA:145,17,0,0
BRDA:145,17,1,0
BRDA:147,18,0,0
BRDA:147,18,1,0
BRDA:149,19,0,0
BRDA:149,19,1,0
BRDA:166,20,0,0
BRDA:166,20,1,0
BRDA:167,21,0,0
BRDA:167,21,1,0
BRDA:167,21,2,0
BRDA:170,22,0,0
BRDA:170,22,1,0
BRDA:171,23,0,0
BRDA:171,23,1,0
BRDA:178,24,0,0
BRDA:178,24,1,0
BRDA:181,25,0,0
BRDA:181,25,1,0
BRDA:221,26,0,0
BRDA:221,26,1,0
BRDA:221,26,2,0
BRDA:221,26,3,0
BRDA:234,27,0,0
BRDA:234,27,1,0
BRDA:245,28,0,0
BRDA:245,28,1,0
BRDA:246,29,0,0
BRDA:246,29,1,0
BRDA:258,30,0,0
BRDA:258,30,1,0
BRDA:263,31,0,0
BRDA:263,31,1,0
BRDA:272,32,0,0
BRDA:272,32,1,0
BRDA:274,33,0,0
BRDA:274,33,1,0
BRDA:285,34,0,26
BRDA:285,34,1,16
BRDA:287,35,0,0
BRDA:287,35,1,16
BRDA:289,36,0,0
BRDA:289,36,1,16
BRDA:291,37,0,16
BRDA:291,37,1,0
BRDA:293,38,0,0
BRDA:293,38,1,0
BRDA:389,39,0,0
BRDA:389,39,1,0
BRDA:390,40,0,0
BRDA:390,40,1,0
BRDA:393,41,0,0
BRDA:393,41,1,0
BRDA:399,42,0,0
BRDA:399,42,1,0
BRDA:408,43,0,0
BRDA:408,43,1,0
BRDA:409,44,0,0
BRDA:409,44,1,0
BRDA:412,45,0,0
BRDA:412,45,1,0
BRDA:418,46,0,0
BRDA:418,46,1,0
BRDA:426,47,0,0
BRDA:426,47,1,0
BRF:97
BRH:10
end_of_record
TN:
SF:./scripts/accessController.js
FN:6,(anonymous_1)
FN:7,(anonymous_2)
FN:11,(anonymous_3)
FN:14,(anonymous_4)
FN:19,(anonymous_5)
FN:22,(anonymous_6)
FN:25,(anonymous_7)
FN:28,(anonymous_8)
FN:33,(anonymous_9)
FN:34,(anonymous_10)
FN:36,(anonymous_11)
FN:44,(anonymous_12)
FN:45,(anonymous_13)
FN:53,(anonymous_14)
FN:60,(anonymous_15)
FN:85,(anonymous_16)
FN:87,(anonymous_17)
FN:93,(anonymous_18)
FN:126,(anonymous_19)
FN:128,(anonymous_20)
FNF:20
FNH:2
FNDA:1,(anonymous_1)
FNDA:0,(anonymous_2)
FNDA:0,(anonymous_3)
FNDA:0,(anonymous_4)
FNDA:0,(anonymous_5)
FNDA:0,(anonymous_6)
FNDA:0,(anonymous_7)
FNDA:0,(anonymous_8)
FNDA:0,(anonymous_9)
FNDA:0,(anonymous_10)
FNDA:0,(anonymous_11)
FNDA:1,(anonymous_12)
FNDA:0,(anonymous_13)
FNDA:0,(anonymous_14)
FNDA:0,(anonymous_15)
FNDA:0,(anonymous_16)
FNDA:0,(anonymous_17)
FNDA:0,(anonymous_18)
FNDA:0,(anonymous_19)
FNDA:0,(anonymous_20)
DA:3,1
DA:5,1
DA:7,1
DA:8,0
DA:11,1
DA:12,0
DA:14,1
DA:15,0
DA:19,1
DA:20,0
DA:22,1
DA:23,0
DA:25,1
DA:26,0
DA:28,1
DA:29,0
DA:33,1
DA:34,0
DA:35,0
DA:37,0
DA:43,1
DA:45,1
DA:46,0
DA:53,1
DA:54,0
DA:55,0
DA:56,0
DA:60,1
DA:62,0
DA:64,0
DA:65,0
DA:66,0
DA:67,0
DA:70,0
DA:71,0
DA:72,0
DA:75,0
DA:76,0
DA:77,0
DA:80,0
DA:82,0
DA:85,0
DA:86,0
DA:88,0
DA:93,1
DA:95,0
DA:97,0
DA:98,0
DA:99,0
DA:100,0
DA:103,0
DA:104,0
DA:105,0
DA:108,0
DA:109,0
DA:110,0
DA:114,0
DA:115,0
DA:116,0
DA:120,0
DA:122,0
DA:126,0
DA:127,0
DA:129,0
LF:64
LH:15
BRDA:64,1,0,0
BRDA:64,1,1,0
BRDA:70,2,0,0
BRDA:70,2,1,0
BRDA:75,3,0,0
BRDA:75,3,1,0
BRDA:80,4,0,0
BRDA:80,4,1,0
BRDA:97,5,0,0
BRDA:97,5,1,0
BRDA:103,6,0,0
BRDA:103,6,1,0
BRDA:108,7,0,0
BRDA:108,7,1,0
BRDA:114,8,0,0
BRDA:114,8,1,0
BRDA:120,9,0,0
BRDA:120,9,1,0
BRF:18
BRH:0
end_of_record
TN:
SF:./scripts/editController.js
FN:6,(anonymous_1)
FN:11,(anonymous_2)
FN:14,(anonymous_3)
FN:18,(anonymous_4)
FN:21,(anonymous_5)
FN:35,(anonymous_6)
FN:41,(anonymous_7)
FN:47,(anonymous_8)
FN:53,(anonymous_9)
FN:61,(anonymous_10)
FN:80,(anonymous_11)
FN:84,(anonymous_12)
FN:88,(anonymous_13)
FN:99,(anonymous_14)
FN:116,(anonymous_15)
FN:136,(anonymous_16)
FN:137,(anonymous_17)
FN:139,(anonymous_18)
FN:146,(anonymous_19)
FN:173,(anonymous_20)
FN:198,(anonymous_21)
FN:226,(anonymous_22)
FN:250,(anonymous_23)
FN:266,(anonymous_24)
FN:280,(anonymous_25)
FN:301,(anonymous_26)
FN:316,(anonymous_27)
FN:338,(anonymous_28)
FN:355,(anonymous_29)
FN:369,(anonymous_30)
FN:388,(anonymous_31)
FN:404,(anonymous_32)
FN:421,(anonymous_33)
FN:427,(anonymous_34)
FN:439,(anonymous_35)
FN:683,(anonymous_36)
FN:684,(anonymous_37)
FN:690,(anonymous_38)
FN:693,(anonymous_39)
FN:694,(anonymous_40)
FN:712,(anonymous_41)
FN:715,(anonymous_42)
FN:716,(anonymous_43)
FNF:43
FNH:1
FNDA:1,(anonymous_1)
FNDA:0,(anonymous_2)
FNDA:0,(anonymous_3)
FNDA:0,(anonymous_4)
FNDA:0,(anonymous_5)
FNDA:0,(anonymous_6)
FNDA:0,(anonymous_7)
FNDA:0,(anonymous_8)
FNDA:0,(anonymous_9)
FNDA:0,(anonymous_10)
FNDA:0,(anonymous_11)
FNDA:0,(anonymous_12)
FNDA:0,(anonymous_13)
FNDA:0,(anonymous_14)
FNDA:0,(anonymous_15)
FNDA:0,(anonymous_16)
FNDA:0,(anonymous_17)
FNDA:0,(anonymous_18)
FNDA:0,(anonymous_19)
FNDA:0,(anonymous_20)
FNDA:0,(anonymous_21)
FNDA:0,(anonymous_22)
FNDA:0,(anonymous_23)
FNDA:0,(anonymous_24)
FNDA:0,(anonymous_25)
FNDA:0,(anonymous_26)
FNDA:0,(anonymous_27)
FNDA:0,(anonymous_28)
FNDA:0,(anonymous_29)
FNDA:0,(anonymous_30)
FNDA:0,(anonymous_31)
FNDA:0,(anonymous_32)
FNDA:0,(anonymous_33)
FNDA:0,(anonymous_34)
FNDA:0,(anonymous_35)
FNDA:0,(anonymous_36)
FNDA:0,(anonymous_37)
FNDA:0,(anonymous_38)
FNDA:0,(anonymous_39)
FNDA:0,(anonymous_40)
FNDA:0,(anonymous_41)
FNDA:0,(anonymous_42)
FNDA:0,(anonymous_43)
DA:3,1
DA:5,1
DA:7,1
DA:8,1
DA:11,1
DA:12,0
DA:14,1
DA:15,0
DA:18,1
DA:19,0
DA:21,0
DA:22,0
DA:23,0
DA:27,1
DA:28,1
DA:35,1
DA:36,0
DA:37,0
DA:39,0
DA:41,1
DA:42,0
DA:43,0
DA:45,0
DA:47,1
DA:48,0
DA:49,0
DA:51,0
DA:53,1
DA:54,0
DA:55,0
DA:57,0
DA:61,1
DA:62,0
DA:63,0
DA:64,0
DA:65,0
DA:67,0
DA:68,0
DA:69,0
DA:70,0
DA:71,0
DA:72,0
DA:73,0
DA:74,0
DA:76,0
DA:78,0
DA:80,1
DA:81,0
DA:84,1
DA:85,0
DA:89,0
DA:95,1
DA:96,1
DA:99,1
DA:100,0
DA:101,0
DA:103,0
DA:113,0
DA:114,0
DA:116,1
DA:117,0
DA:118,0
DA:120,0
DA:130,0
DA:131,0
DA:132,0
DA:136,1
DA:137,0
DA:138,0
DA:140,0
DA:144,1
DA:146,1
DA:147,0
DA:148,0
DA:150,0
DA:152,0
DA:153,0
DA:154,0
DA:155,0
DA:157,0
DA:167,0
DA:168,0
DA:170,0
DA:173,1
DA:174,0
DA:175,0
DA:177,0
DA:179,0
DA:180,0
DA:181,0
DA:182,0
DA:184,0
DA:194,0
DA:195,0
DA:198,1
DA:199,0
DA:200,0
DA:202,0
DA:204,0
DA:205,0
DA:206,0
DA:207,0
DA:209,0
DA:219,0
DA:220,0
DA:226,1
DA:227,0
DA:228,0
DA:230,0
DA:231,0
DA:232,0
DA:233,0
DA:234,0
DA:235,0
DA:236,0
DA:237,0
DA:238,0
DA:239,0
DA:240,0
DA:242,0
DA:244,0
DA:246,0
DA:250,1
DA:251,0
DA:252,0
DA:256,0
DA:261,0
DA:262,0
DA:265,1
DA:266,1
DA:267,0
DA:268,0
DA:269,0
DA:270,0
DA:272,0
DA:277,0
DA:278,0
DA:280,1
DA:281,0
DA:282,0
DA:284,0
DA:286,0
DA:288,0
DA:289,0
DA:291,0
DA:296,0
DA:297,0
DA:301,1
DA:302,0
DA:304,0
DA:305,0
DA:307,0
DA:313,0
DA:314,0
DA:316,1
DA:317,0
DA:318,0
DA:320,0
DA:322,0
DA:323,0
DA:325,0
DA:326,0
DA:328,0
DA:334,0
DA:335,0
DA:336,0
DA:338,1
DA:339,0
DA:341,0
DA:342,0
DA:344,0
DA:350,0
DA:351,0
DA:355,1
DA:356,0
DA:369,1
DA:370,0
DA:371,0
DA:373,0
DA:375,0
DA:381,0
DA:382,0
DA:383,0
DA:388,1
DA:389,0
DA:390,0
DA:391,0
DA:393,0
DA:400,0
DA:401,0
DA:404,1
DA:405,0
DA:406,0
DA:407,0
DA:409,0
DA:416,0
DA:417,0
DA:421,1
DA:422,0
DA:423,0
DA:424,0
DA:427,1
DA:428,0
DA:429,0
DA:430,0
DA:432,0
DA:435,1
DA:436,1
DA:439,1
DA:441,0
DA:442,0
DA:462,0
DA:463,0
DA:464,0
DA:465,0
DA:476,0
DA:481,0
DA:483,0
DA:484,0
DA:485,0
DA:489,0
DA:490,0
DA:491,0
DA:492,0
DA:501,0
DA:504,0
DA:505,0
DA:506,0
DA:507,0
DA:516,0
DA:519,0
DA:520,0
DA:521,0
DA:522,0
DA:531,0
DA:551,1
DA:682,1
DA:684,0
DA:685,0
DA:690,1
DA:691,0
DA:694,0
DA:695,0
DA:696,0
DA:698,0
DA:699,0
DA:700,0
DA:701,0
DA:702,0
DA:703,0
DA:706,0
DA:712,1
DA:713,0
DA:716,0
DA:717,0
DA:718,0
DA:720,0
DA:721,0
DA:724,0
LF:259
LH:46
BRDA:7,1,0,1
BRDA:7,1,1,0
BRDA:19,2,0,0
BRDA:19,2,1,0
BRDA:36,3,0,0
BRDA:36,3,1,0
BRDA:42,4,0,0
BRDA:42,4,1,0
BRDA:48,5,0,0
BRDA:48,5,1,0
BRDA:54,6,0,0
BRDA:54,6,1,0
BRDA:67,7,0,0
BRDA:67,7,1,0
BRDA:69,8,0,0
BRDA:69,8,1,0
BRDA:71,9,0,0
BRDA:71,9,1,0
BRDA:73,10,0,0
BRDA:73,10,1,0
BRDA:147,11,0,0
BRDA:147,11,1,0
BRDA:174,12,0,0
BRDA:174,12,1,0
BRDA:199,13,0,0
BRDA:199,13,1,0
BRDA:231,14,0,0
BRDA:231,14,1,0
BRDA:233,15,0,0
BRDA:233,15,1,0
BRDA:235,16,0,0
BRDA:235,16,1,0
BRDA:237,17,0,0
BRDA:237,17,1,0
BRDA:239,18,0,0
BRDA:239,18,1,0
BRDA:281,19,0,0
BRDA:281,19,1,0
BRDA:317,20,0,0
BRDA:317,20,1,0
BRF:40
BRH:1
end_of_record
TN:
SF:./scripts/executionController.js
FN:6,(anonymous_1)
FN:12,(anonymous_2)
FN:25,(anonymous_3)
FNF:3
FNH:0
FNDA:0,(anonymous_1)
FNDA:0,(anonymous_2)
FNDA:0,(anonymous_3)
DA:3,1
DA:5,1
DA:7,0
DA:8,0
DA:10,0
DA:12,0
DA:13,0
DA:14,0
DA:15,0
DA:18,0
DA:19,0
DA:21,0
DA:22,0
DA:24,0
DA:25,0
DA:26,0
DA:27,0
DA:29,0
DA:30,0
LF:19
LH:2
BRDA:7,1,0,0
BRDA:7,1,1,0
BRDA:14,2,0,0
BRDA:14,2,1,0
BRF:4
BRH:0
end_of_record
TN:
SF:./scripts/homeController.js
FN:6,(anonymous_1)
FN:23,(anonymous_2)
FN:28,(anonymous_3)
FN:31,(anonymous_4)
FN:34,(anonymous_5)
FN:39,(anonymous_6)
FN:42,(anonymous_7)
FN:53,(anonymous_8)
FN:67,(anonymous_9)
FN:78,(anonymous_10)
FN:84,(anonymous_11)
FNF:11
FNH:1
FNDA:2,(anonymous_1)
FNDA:0,(anonymous_2)
FNDA:0,(anonymous_3)
FNDA:0,(anonymous_4)
FNDA:0,(anonymous_5)
FNDA:0,(anonymous_6)
FNDA:0,(anonymous_7)
FNDA:0,(anonymous_8)
FNDA:0,(anonymous_9)
FNDA:0,(anonymous_10)
FNDA:0,(anonymous_11)
DA:3,1
DA:5,1
DA:7,2
DA:8,2
DA:11,0
DA:12,0
DA:13,0
DA:14,0
DA:19,2
DA:23,2
DA:24,0
DA:28,2
DA:29,0
DA:31,2
DA:32,0
DA:34,2
DA:35,0
DA:39,2
DA:40,0
DA:42,2
DA:43,0
DA:45,0
DA:46,0
DA:48,0
DA:49,0
DA:51,0
DA:53,2
DA:54,0
DA:56,0
DA:57,0
DA:59,0
DA:60,0
DA:62,0
DA:63,0
DA:65,0
DA:67,2
DA:68,0
DA:69,0
DA:71,0
DA:72,0
DA:74,0
DA:75,0
DA:78,2
DA:79,0
DA:81,0
DA:84,2
LF:46
LH:15
BRDA:7,1,0,2
BRDA:7,1,1,0
BRDA:45,2,0,0
BRDA:45,2,1,0
BRDA:48,3,0,0
BRDA:48,3,1,0
BRDA:56,4,0,0
BRDA:56,4,1,0
BRDA:59,5,0,0
BRDA:59,5,1,0
BRDA:62,6,0,0
BRDA:62,6,1,0
BRDA:68,7,0,0
BRDA:68,7,1,0
BRDA:71,8,0,0
BRDA:71,8,1,0
BRF:16
BRH:1
end_of_record
TN:
SF:./scripts/profileController.js
FN:6,(anonymous_1)
FN:11,(anonymous_2)
FN:27,(anonymous_3)
FN:43,(anonymous_4)
FN:48,(anonymous_5)
FN:53,(anonymous_6)
FN:56,(anonymous_7)
FN:60,(anonymous_8)
FNF:8
FNH:1
FNDA:1,(anonymous_1)
FNDA:0,(anonymous_2)
FNDA:0,(anonymous_3)
FNDA:0,(anonymous_4)
FNDA:0,(anonymous_5)
FNDA:0,(anonymous_6)
FNDA:0,(anonymous_7)
FNDA:0,(anonymous_8)
DA:3,1
DA:5,1
DA:7,1
DA:8,1
DA:11,1
DA:12,0
DA:27,1
DA:29,0
DA:30,0
DA:33,0
DA:34,0
DA:37,0
DA:38,0
DA:41,0
DA:43,0
DA:44,0
DA:45,0
DA:46,0
DA:47,0
DA:49,0
DA:53,1
DA:56,0
DA:57,0
DA:58,0
DA:61,0
LF:25
LH:7
BRDA:7,1,0,1
BRDA:7,1,1,0
BRDA:29,2,0,0
BRDA:29,2,1,0
BRDA:29,3,0,0
BRDA:29,3,1,0
BRDA:29,3,2,0
BRDA:29,3,3,0
BRDA:33,4,0,0
BRDA:33,4,1,0
BRDA:37,5,0,0
BRDA:37,5,1,0
BRF:12
BRH:1
end_of_record
